<?xml version="1.0" encoding="UTF-8"?>
<!-- Generated by org.testng.reporters.JUnitReportReporter -->
<testsuite hostname="LTILBOM20103100" failures="0" tests="1" name="commerce.Test.RegistrationPageTest" time="13.158" errors="0" timestamp="2023-01-20T20:14:51 IST" skipped="0">
  <testcase classname="commerce.Test.RegistrationPageTest" name="verifyregistration" time="13.158"/>
  <system-out/>
</testsuite> <!-- commerce.Test.RegistrationPageTest -->
