<?xml version="1.0" encoding="UTF-8"?>
<!-- Generated by org.testng.reporters.JUnitReportReporter -->
<testsuite hostname="LTILBOM20103100" failures="0" tests="1" name="commerce.Test.BookingProductPageTest" time="17.603" errors="0" timestamp="2023-01-20T20:14:51 IST" skipped="0">
  <testcase classname="commerce.Test.BookingProductPageTest" name="verifylogin" time="17.603"/>
  <system-out/>
</testsuite> <!-- commerce.Test.BookingProductPageTest -->
